  KMeansCluster.cpp
C:\Users\bcbab\source\repos\KMeansCluster\KMeansCluster\KMeansCluster\KMeansCluster.cpp(90,23): warning C4018: '<': signed/unsigned mismatch
C:\Users\bcbab\source\repos\KMeansCluster\KMeansCluster\KMeansCluster\KMeansCluster.cpp(104,23): warning C4018: '<': signed/unsigned mismatch
C:\Users\bcbab\source\repos\KMeansCluster\KMeansCluster\KMeansCluster\KMeansCluster.cpp(119,23): warning C4018: '<': signed/unsigned mismatch
C:\Users\bcbab\source\repos\KMeansCluster\KMeansCluster\KMeansCluster\KMeansCluster.cpp(120,27): warning C4018: '<': signed/unsigned mismatch
C:\Users\bcbab\source\repos\KMeansCluster\KMeansCluster\KMeansCluster\KMeansCluster.cpp(124,23): warning C4018: '<': signed/unsigned mismatch
C:\Users\bcbab\source\repos\KMeansCluster\KMeansCluster\KMeansCluster\KMeansCluster.cpp(136,23): warning C4018: '<': signed/unsigned mismatch
C:\Users\bcbab\source\repos\KMeansCluster\KMeansCluster\KMeansCluster\KMeansCluster.cpp(148,23): warning C4018: '<': signed/unsigned mismatch
C:\Users\bcbab\source\repos\KMeansCluster\KMeansCluster\KMeansCluster\KMeansCluster.cpp(221,23): warning C4018: '<': signed/unsigned mismatch
C:\Users\bcbab\source\repos\KMeansCluster\KMeansCluster\KMeansCluster\KMeansCluster.cpp(222,27): warning C4018: '<': signed/unsigned mismatch
C:\Users\bcbab\source\repos\KMeansCluster\KMeansCluster\KMeansCluster\KMeansCluster.cpp(245,32): warning C4244: 'argument': conversion from 'time_t' to 'unsigned int', possible loss of data
C:\Users\bcbab\source\repos\KMeansCluster\KMeansCluster\KMeansCluster\KMeansCluster.cpp(250,31): warning C4018: '<': signed/unsigned mismatch
C:\Users\bcbab\source\repos\KMeansCluster\KMeansCluster\KMeansCluster\KMeansCluster.cpp(260,66): warning C4244: 'argument': conversion from '_Ty' to 'int', possible loss of data
          with
          [
              _Ty=double
          ]
C:\Users\bcbab\source\repos\KMeansCluster\KMeansCluster\KMeansCluster\KMeansCluster.cpp(260,56): warning C4244: 'argument': conversion from '_Ty' to 'int', possible loss of data
          with
          [
              _Ty=double
          ]
C:\Users\bcbab\source\repos\KMeansCluster\KMeansCluster\KMeansCluster\KMeansCluster.cpp(281,31): warning C4018: '<': signed/unsigned mismatch
C:\Users\bcbab\source\repos\KMeansCluster\KMeansCluster\KMeansCluster\KMeansCluster.cpp(282,43): warning C4018: '<': signed/unsigned mismatch
C:\Users\bcbab\source\repos\KMeansCluster\KMeansCluster\KMeansCluster\KMeansCluster.cpp(312,23): warning C4018: '<': signed/unsigned mismatch
C:\Users\bcbab\source\repos\KMeansCluster\KMeansCluster\KMeansCluster\KMeansCluster.cpp(318,23): warning C4018: '<': signed/unsigned mismatch
C:\Users\bcbab\source\repos\KMeansCluster\KMeansCluster\KMeansCluster\KMeansCluster.cpp(368,23): warning C4018: '<': signed/unsigned mismatch
C:\Users\bcbab\source\repos\KMeansCluster\KMeansCluster\KMeansCluster\KMeansCluster.cpp(384,27): warning C4018: '<': signed/unsigned mismatch
C:\Users\bcbab\source\repos\KMeansCluster\KMeansCluster\KMeansCluster\KMeansCluster.cpp(391,27): warning C4018: '<': signed/unsigned mismatch
C:\Users\bcbab\source\repos\KMeansCluster\KMeansCluster\KMeansCluster\KMeansCluster.cpp(393,31): warning C4018: '<': signed/unsigned mismatch
C:\Users\bcbab\source\repos\KMeansCluster\KMeansCluster\KMeansCluster\KMeansCluster.cpp(402,27): warning C4018: '<': signed/unsigned mismatch
C:\Users\bcbab\source\repos\KMeansCluster\KMeansCluster\KMeansCluster\KMeansCluster.cpp(412,27): warning C4018: '<': signed/unsigned mismatch
C:\Users\bcbab\source\repos\KMeansCluster\KMeansCluster\KMeansCluster\KMeansCluster.cpp(432,23): warning C4018: '<': signed/unsigned mismatch
C:\Users\bcbab\source\repos\KMeansCluster\KMeansCluster\KMeansCluster\KMeansCluster.cpp(464,23): warning C4018: '<': signed/unsigned mismatch
  KMeansCluster.vcxproj -> C:\Users\bcbab\Source\Repos\KMeansCluster\KMeansCluster\Debug\KMeansCluster.exe
